f:\xiangmu\splitter\splitter\debug\vc120.pdb
f:\xiangmu\splitter\splitter\debug\splitter.obj
f:\xiangmu\splitter\splitter\debug\main.obj
f:\xiangmu\splitter\splitter\debug\moc_splitter.obj
f:\xiangmu\splitter\splitter\debug\qrc_splitter.obj
f:\xiangmu\splitter\splitter\generatedfiles\debug\moc_splitter.cpp
f:\xiangmu\splitter\splitter\generatedfiles\ui_splitter.h
f:\xiangmu\splitter\splitter\generatedfiles\qrc_splitter.cpp
f:\xiangmu\splitter\win32\debug\splitter.ilk
f:\xiangmu\splitter\win32\debug\splitter.exe
f:\xiangmu\splitter\win32\debug\splitter.pdb
f:\xiangmu\splitter\splitter\debug\splitter.tlog\cl.command.1.tlog
f:\xiangmu\splitter\splitter\debug\splitter.tlog\cl.read.1.tlog
f:\xiangmu\splitter\splitter\debug\splitter.tlog\cl.write.1.tlog
f:\xiangmu\splitter\splitter\debug\splitter.tlog\custombuild.command.1.tlog
f:\xiangmu\splitter\splitter\debug\splitter.tlog\custombuild.read.1.tlog
f:\xiangmu\splitter\splitter\debug\splitter.tlog\custombuild.write.1.tlog
f:\xiangmu\splitter\splitter\debug\splitter.tlog\link.command.1.tlog
f:\xiangmu\splitter\splitter\debug\splitter.tlog\link.read.1.tlog
f:\xiangmu\splitter\splitter\debug\splitter.tlog\link.write.1.tlog
