生成启动时间为 2017/3/6 14:52:22。
     1>项目“F:\XIANGMU\Splitter\Splitter\Splitter.vcxproj”在节点 2 上(Rebuild 个目标)。
     1>CustomBuild:
         Moc'ing splitter.h...
         Uic'ing splitter.ui...
         Rcc'ing splitter.qrc...
     1>RCC : warning : No resources in 'F:\XIANGMU\Splitter\Splitter\splitter.qrc'.
         
       ClCompile:
         C:\Program Files (x86)\Microsoft Visual Studio 12.0\VC\bin\CL.exe /c /I.\GeneratedFiles /I. /I"C:\Qt\Qt5.7.0-vs2013\5.7\msvc2013\include" /I.\GeneratedFiles\Debug /I"C:\Qt\Qt5.7.0-vs2013\5.7\msvc2013\include\QtCore" /I"C:\Qt\Qt5.7.0-vs2013\5.7\msvc2013\include\QtGui" /I"C:\Qt\Qt5.7.0-vs2013\5.7\msvc2013\include\QtWidgets" /Zi /nologo /W1 /WX- /Od /Oy- /D UNICODE /D WIN32 /D WIN64 /D QT_DLL /D QT_CORE_LIB /D QT_GUI_LIB /D QT_WIDGETS_LIB /Gm- /EHsc /MDd /GS /fp:precise /Zc:wchar_t /Zc:forScope /Fo"Debug\\" /Fd"Debug\vc120.pdb" /Gd /TP /analyze- /errorReport:prompt GeneratedFiles\Debug\moc_splitter.cpp main.cpp splitter.cpp
         moc_splitter.cpp
         main.cpp
         splitter.cpp
         正在生成代码...
         C:\Program Files (x86)\Microsoft Visual Studio 12.0\VC\bin\CL.exe /c /I.\GeneratedFiles /I. /I"C:\Qt\Qt5.7.0-vs2013\5.7\msvc2013\include" /I.\GeneratedFiles\Debug /I"C:\Qt\Qt5.7.0-vs2013\5.7\msvc2013\include\QtCore" /I"C:\Qt\Qt5.7.0-vs2013\5.7\msvc2013\include\QtGui" /I"C:\Qt\Qt5.7.0-vs2013\5.7\msvc2013\include\QtWidgets" /Zi /nologo /W1 /WX- /Od /Oy- /D UNICODE /D WIN32 /D WIN64 /D QT_DLL /D QT_CORE_LIB /D QT_GUI_LIB /D QT_WIDGETS_LIB /Gm- /EHsc /MDd /GS /fp:precise /Zc:wchar_t /Zc:forScope /Fo"Debug\\" /Fd"Debug\vc120.pdb" /Gd /TP /analyze- /errorReport:prompt GeneratedFiles\qrc_splitter.cpp
         qrc_splitter.cpp
       Link:
         C:\Program Files (x86)\Microsoft Visual Studio 12.0\VC\bin\link.exe /ERRORREPORT:PROMPT /OUT:"F:\XIANGMU\Splitter\Win32\Debug\\Splitter.exe" /NOLOGO /LIBPATH:"C:\Qt\Qt5.7.0-vs2013\5.7\msvc2013\lib" qtmaind.lib Qt5Cored.lib Qt5Guid.lib Qt5Widgetsd.lib kernel32.lib user32.lib gdi32.lib winspool.lib comdlg32.lib advapi32.lib shell32.lib ole32.lib oleaut32.lib uuid.lib odbc32.lib odbccp32.lib /MANIFEST /MANIFESTUAC:"level='asInvoker' uiAccess='false'" /manifest:embed /DEBUG /PDB:"F:\XIANGMU\Splitter\Win32\Debug\Splitter.pdb" /SUBSYSTEM:WINDOWS /TLBID:1 /DYNAMICBASE /NXCOMPAT /IMPLIB:"F:\XIANGMU\Splitter\Win32\Debug\Splitter.lib" /MACHINE:X86 /SAFESEH Debug\moc_splitter.obj
         Debug\qrc_splitter.obj
         Debug\main.obj
         Debug\splitter.obj
         Splitter.vcxproj -> F:\XIANGMU\Splitter\Win32\Debug\Splitter.exe
     1>已完成生成项目“F:\XIANGMU\Splitter\Splitter\Splitter.vcxproj”(Rebuild 个目标)的操作。

生成成功。

已用时间 00:00:03.83
